<?xml version="1.0" encoding="UTF-8"?>
<!-- Generated by org.testng.reporters.JUnitXMLReporter -->
<testsuite ignored="5" hostname="LAPTOP-33JT0IIH" failures="0" tests="1" name="Test" time="13.24" errors="0" timestamp="2026-04-22T13:37:33 SGT">
  <testcase classname="testscripts.ManageNewsTest" name="addnewNewsUnderManageNews" time="6.36"/>
  <testcase classname="testscripts.LogInTest" name="verifytheUserIsAbleToLoginUsingValidUserNameandInvalidPassword" time="0.0">
    <ignored/>
  </testcase> <!-- verifytheUserIsAbleToLoginUsingValidUserNameandInvalidPassword -->
  <testcase classname="testscripts.LogInTest" name="verifytheUserIsAbleToLoginUsingValidCredentials" time="0.0">
    <ignored/>
  </testcase> <!-- verifytheUserIsAbleToLoginUsingValidCredentials -->
  <testcase classname="testscripts.LogInTest" name="verifytheUserIsAbleToLoginUsinginValidUserNameandinValidPassword" time="0.0">
    <ignored/>
  </testcase> <!-- verifytheUserIsAbleToLoginUsinginValidUserNameandinValidPassword -->
  <testcase classname="testscripts.LogOutTest" name="verifytheUserIsAbleToLoginUsingValidCredentials" time="0.0">
    <ignored/>
  </testcase> <!-- verifytheUserIsAbleToLoginUsingValidCredentials -->
  <testcase classname="testscripts.LogInTest" name="verifytheUserIsAbleToLoginUsinginValidUserNameandValidPassword" time="0.0">
    <ignored/>
  </testcase> <!-- verifytheUserIsAbleToLoginUsinginValidUserNameandValidPassword -->
</testsuite> <!-- Test -->
