<?xml version="1.0" encoding="UTF-8"?>
<!-- Generated by org.testng.reporters.JUnitXMLReporter -->
<testsuite ignored="0" hostname="LAPTOP-33JT0IIH" failures="0" tests="10" name="Test" time="106.42" errors="0" timestamp="2026-04-28T09:43:48 SGT">
  <testcase classname="testscripts.LoginTest" name="verifytheUserIsAbleToLoginUsingValidCredentials" time="2.68"/>
  <testcase classname="testscripts.LoginTest" name="verifytheUserIsAbleToLoginUsingValidUserNameandInvalidPassword" time="0.889"/>
  <testcase classname="testscripts.LoginTest" name="verifytheUserIsAbleToLoginUsinginValidUserNameandValidPassword" time="0.966"/>
  <testcase classname="testscripts.LoginTest" name="verifytheUserIsAbleToLoginUsinginValidUserNameandinValidPassword" time="1.23"/>
  <testcase classname="testscripts.HomeTest" name="verifytheUserIsAbleToLoginUsingValidCredentials" time="4.822"/>
  <testcase classname="testscripts.ManageContactTest" name="updateExistingContactUsdetails" time="11.836"/>
  <testcase classname="testscripts.AdminUserTest" name="addNewAdminUser" time="7.137"/>
  <testcase classname="testscripts.ManageCategoryTest" name="addnewCategoryunderCategory" time="12.316"/>
  <testcase classname="testscripts.ManageFooterTest" name="updateFooterTextDetails" time="5.441"/>
  <testcase classname="testscripts.ManageNewsTest" name="addnewNewsUnderManageNews" time="6.11"/>
</testsuite> <!-- Test -->
