<?xml version="1.0" encoding="UTF-8"?>
<!-- Generated by org.testng.reporters.JUnitReportReporter -->
<testsuite hostname="LAPTOP-33JT0IIH" failures="0" tests="4" name="testscripts.LoginTest" time="24.476" errors="0" timestamp="2026-04-28T09:43:48 SGT" skipped="0">
  <testcase classname="testscripts.LoginTest" name="verifytheUserIsAbleToLoginUsingValidCredentials" time="6.262"/>
  <testcase classname="testscripts.LoginTest" name="verifytheUserIsAbleToLoginUsingValidUserNameandInvalidPassword" time="4.810"/>
  <testcase classname="testscripts.LoginTest" name="verifytheUserIsAbleToLoginUsinginValidUserNameandValidPassword" time="6.100"/>
  <testcase classname="testscripts.LoginTest" name="verifytheUserIsAbleToLoginUsinginValidUserNameandinValidPassword" time="7.304"/>
</testsuite> <!-- testscripts.LoginTest -->
