<?xml version="1.0" encoding="UTF-8"?>
<testng-results ignored="0" total="1" passed="1" failed="0" skipped="0">
  <reporter-output>
  </reporter-output>
  <suite started-at="2026-05-20T12:47:10 SGT" name="Suite" finished-at="2026-05-20T12:47:27 SGT" duration-ms="16517">
    <groups>
    </groups>
    <test started-at="2026-05-20T12:47:10 SGT" name="Test" finished-at="2026-05-20T12:47:27 SGT" duration-ms="16517">
      <class name="testscripts.AdminUserTest">
        <test-method is-config="true" signature="browserInitialization(java.lang.String)[pri:0, instance:testscripts.AdminUserTest@7bbc8656]" started-at="2026-05-20T12:47:10 SGT" name="browserInitialization" finished-at="2026-05-20T12:47:21 SGT" duration-ms="10872" status="PASS">
          <params>
            <param index="0">
              <value>
                <![CDATA[chrome]]>
              </value>
            </param>
          </params>
          <reporter-output>
          </reporter-output>
        </test-method> <!-- browserInitialization -->
        <test-method signature="addNewAdminUser()[pri:1, instance:testscripts.AdminUserTest@7bbc8656]" started-at="2026-05-20T12:47:21 SGT" name="addNewAdminUser" description="This testcase is to verify whether user is able to add and update admin details under Manage Admin" finished-at="2026-05-20T12:47:27 SGT" duration-ms="5602" status="PASS">
          <reporter-output>
          </reporter-output>
        </test-method> <!-- addNewAdminUser -->
        <test-method is-config="true" signature="browserQuit(org.testng.ITestResult)[pri:0, instance:testscripts.AdminUserTest@7bbc8656]" started-at="2026-05-20T12:47:27 SGT" name="browserQuit" finished-at="2026-05-20T12:47:27 SGT" duration-ms="2" status="PASS">
          <params>
            <param index="0">
              <value>
                <![CDATA[[TestResult name=addNewAdminUser status=SUCCESS method=AdminUserTest.addNewAdminUser()[pri:1, instance:testscripts.AdminUserTest@7bbc8656] output={null}]]]>
              </value>
            </param>
          </params>
          <reporter-output>
          </reporter-output>
        </test-method> <!-- browserQuit -->
      </class> <!-- testscripts.AdminUserTest -->
    </test> <!-- Test -->
  </suite> <!-- Suite -->
</testng-results>
